<?xml version="1.0" encoding="UTF-8"?>
<testng-results total="1" passed="1" failed="0" skipped="0">
  <reporter-output>
  </reporter-output>
  <suite started-at="2018-07-15T05:11:54Z" name="Suite1" finished-at="2018-07-15T05:12:01Z" duration-ms="6916">
    <groups>
    </groups>
    <test started-at="2018-07-15T05:11:54Z" name="test1" finished-at="2018-07-15T05:12:01Z" duration-ms="6872">
      <class name="Selenium_api.T01_CheckEnv">
        <test-method is-config="true" signature="beforeClass()[pri:0, instance:Selenium_api.T01_CheckEnv@61df66b6]" started-at="2018-07-15T12:11:54Z" name="beforeClass" finished-at="2018-07-15T12:12:00Z" duration-ms="6098" status="PASS">
          <reporter-output>
          </reporter-output>
        </test-method> <!-- beforeClass -->
        <test-method signature="TC_01_CheckUrlAndTitle()[pri:0, instance:Selenium_api.T01_CheckEnv@61df66b6]" started-at="2018-07-15T12:12:00Z" name="TC_01_CheckUrlAndTitle" finished-at="2018-07-15T12:12:00Z" duration-ms="40" status="PASS">
          <reporter-output>
          </reporter-output>
        </test-method> <!-- TC_01_CheckUrlAndTitle -->
        <test-method is-config="true" signature="afterClass()[pri:0, instance:Selenium_api.T01_CheckEnv@61df66b6]" started-at="2018-07-15T12:12:00Z" name="afterClass" finished-at="2018-07-15T12:12:01Z" duration-ms="719" status="PASS">
          <reporter-output>
          </reporter-output>
        </test-method> <!-- afterClass -->
      </class> <!-- Selenium_api.T01_CheckEnv -->
    </test> <!-- test1 -->
    <test started-at="2018-07-15T05:12:01Z" name="Regression1" finished-at="2018-07-15T05:12:01Z" duration-ms="0">
    </test> <!-- Regression1 -->
  </suite> <!-- Suite1 -->
</testng-results>
