<?xml version="1.0" encoding="UTF-8"?>
<testng-results skipped="0" failed="0" total="1" passed="1">
  <reporter-output>
  </reporter-output>
  <suite name="Suite1" duration-ms="12036" started-at="2018-07-23T04:15:44Z" finished-at="2018-07-23T04:15:56Z">
    <groups>
    </groups>
    <test name="test1" duration-ms="11982" started-at="2018-07-23T04:15:44Z" finished-at="2018-07-23T04:15:55Z">
      <class name="Selenium_api.T01_CheckEnv">
        <test-method status="PASS" signature="beforeClass()[pri:0, instance:Selenium_api.T01_CheckEnv@6bdf28bb]" name="beforeClass" is-config="true" duration-ms="11053" started-at="2018-07-23T11:15:44Z" finished-at="2018-07-23T11:15:55Z">
          <reporter-output>
          </reporter-output>
        </test-method> <!-- beforeClass -->
        <test-method status="PASS" signature="TC_01_CheckUrlAndTitle()[pri:0, instance:Selenium_api.T01_CheckEnv@6bdf28bb]" name="TC_01_CheckUrlAndTitle" duration-ms="31" started-at="2018-07-23T11:15:55Z" finished-at="2018-07-23T11:15:55Z">
          <reporter-output>
          </reporter-output>
        </test-method> <!-- TC_01_CheckUrlAndTitle -->
        <test-method status="PASS" signature="afterClass()[pri:0, instance:Selenium_api.T01_CheckEnv@6bdf28bb]" name="afterClass" is-config="true" duration-ms="868" started-at="2018-07-23T11:15:55Z" finished-at="2018-07-23T11:15:55Z">
          <reporter-output>
          </reporter-output>
        </test-method> <!-- afterClass -->
      </class> <!-- Selenium_api.T01_CheckEnv -->
    </test> <!-- test1 -->
    <test name="Regression1" duration-ms="0" started-at="2018-07-23T04:15:56Z" finished-at="2018-07-23T04:15:56Z">
    </test> <!-- Regression1 -->
  </suite> <!-- Suite1 -->
</testng-results>
